<?xml version="1.0" encoding="UTF-8"?>
<coverage generated="1564731267131" clover="3.2.0">
  <project timestamp="1564731267131" name="All files">
    <metrics statements="28" coveredstatements="28" conditionals="18" coveredconditionals="17" methods="5" coveredmethods="4" elements="51" coveredelements="49" complexity="0" loc="28" ncloc="28" packages="1" files="2" classes="2"/>
    <file name="paper.js" path="C:\Users\ducba\projects\kata-pencil-durability\paper.js">
      <metrics statements="4" coveredstatements="4" conditionals="1" coveredconditionals="1" methods="1" coveredmethods="1"/>
      <line num="3" count="5" type="stmt"/>
      <line num="4" count="5" type="stmt"/>
      <line num="5" count="5" type="stmt"/>
      <line num="9" count="2" type="stmt"/>
    </file>
    <file name="pencil.js" path="C:\Users\ducba\projects\kata-pencil-durability\pencil.js">
      <metrics statements="24" coveredstatements="24" conditionals="17" coveredconditionals="16" methods="4" coveredmethods="3"/>
      <line num="3" count="4" type="stmt"/>
      <line num="4" count="4" type="stmt"/>
      <line num="5" count="4" type="stmt"/>
      <line num="6" count="4" type="stmt"/>
      <line num="7" count="4" type="stmt"/>
      <line num="11" count="11" type="stmt"/>
      <line num="12" count="11" type="stmt"/>
      <line num="13" count="138" type="cond" truecount="2" falsecount="0"/>
      <line num="14" count="110" type="stmt"/>
      <line num="15" count="110" type="stmt"/>
      <line num="16" count="110" type="cond" truecount="3" falsecount="0"/>
      <line num="18" count="110" type="cond" truecount="4" falsecount="0"/>
      <line num="19" count="10" type="stmt"/>
      <line num="22" count="28" type="stmt"/>
      <line num="25" count="11" type="stmt"/>
      <line num="26" count="11" type="stmt"/>
      <line num="30" count="3" type="cond" truecount="2" falsecount="0"/>
      <line num="32" count="2" type="cond" truecount="2" falsecount="0"/>
      <line num="33" count="1" type="stmt"/>
      <line num="35" count="1" type="cond" truecount="1" falsecount="1"/>
      <line num="36" count="1" type="stmt"/>
      <line num="37" count="1" type="stmt"/>
      <line num="38" count="1" type="stmt"/>
      <line num="45" count="2" type="stmt"/>
    </file>
  </project>
</coverage>
