{"C:\\Users\\ducba\\projects\\kata-pencil-durability\\paper.js": {"path":"C:\\Users\\ducba\\projects\\kata-pencil-durability\\paper.js","statementMap":{"0":{"start":{"line":3,"column":4},"end":{"line":3,"column":24}},"1":{"start":{"line":4,"column":4},"end":{"line":4,"column":37}},"2":{"start":{"line":5,"column":4},"end":{"line":5,"column":37}},"3":{"start":{"line":9,"column":0},"end":{"line":9,"column":23}}},"fnMap":{"0":{"name":"(anonymous_0)","decl":{"start":{"line":2,"column":2},"end":{"line":2,"column":3}},"loc":{"start":{"line":2,"column":25},"end":{"line":6,"column":3}},"line":2}},"branchMap":{"0":{"loc":{"start":{"line":2,"column":14},"end":{"line":2,"column":23}},"type":"default-arg","locations":[{"start":{"line":2,"column":21},"end":{"line":2,"column":23}}],"line":2}},"s":{"0":5,"1":5,"2":5,"3":2},"f":{"0":5},"b":{"0":[3]},"_coverageSchema":"43e27e138ebf9cfc5966b082cf9a028302ed4184","hash":"0b8b01128ddc891534f3a8a54b7c5a59b2499fbd"}
,"C:\\Users\\ducba\\projects\\kata-pencil-durability\\pencil.js": {"path":"C:\\Users\\ducba\\projects\\kata-pencil-durability\\pencil.js","statementMap":{"0":{"start":{"line":3,"column":4},"end":{"line":3,"column":52}},"1":{"start":{"line":7,"column":18},"end":{"line":7,"column":20}},"2":{"start":{"line":8,"column":4},"end":{"line":20,"column":5}},"3":{"start":{"line":8,"column":17},"end":{"line":8,"column":18}},"4":{"start":{"line":9,"column":6},"end":{"line":19,"column":7}},"5":{"start":{"line":10,"column":21},"end":{"line":10,"column":28}},"6":{"start":{"line":11,"column":8},"end":{"line":11,"column":24}},"7":{"start":{"line":12,"column":8},"end":{"line":12,"column":78}},"8":{"start":{"line":14,"column":8},"end":{"line":16,"column":9}},"9":{"start":{"line":15,"column":10},"end":{"line":15,"column":36}},"10":{"start":{"line":18,"column":8},"end":{"line":18,"column":23}},"11":{"start":{"line":21,"column":4},"end":{"line":21,"column":29}},"12":{"start":{"line":22,"column":4},"end":{"line":22,"column":17}},"13":{"start":{"line":26,"column":0},"end":{"line":26,"column":24}}},"fnMap":{"0":{"name":"(anonymous_0)","decl":{"start":{"line":2,"column":2},"end":{"line":2,"column":3}},"loc":{"start":{"line":2,"column":49},"end":{"line":4,"column":3}},"line":2},"1":{"name":"(anonymous_1)","decl":{"start":{"line":6,"column":2},"end":{"line":6,"column":3}},"loc":{"start":{"line":6,"column":39},"end":{"line":23,"column":3}},"line":6}},"branchMap":{"0":{"loc":{"start":{"line":2,"column":14},"end":{"line":2,"column":47}},"type":"default-arg","locations":[{"start":{"line":2,"column":25},"end":{"line":2,"column":47}}],"line":2},"1":{"loc":{"start":{"line":6,"column":14},"end":{"line":6,"column":37}},"type":"default-arg","locations":[{"start":{"line":6,"column":22},"end":{"line":6,"column":37}}],"line":6},"2":{"loc":{"start":{"line":9,"column":6},"end":{"line":19,"column":7}},"type":"if","locations":[{"start":{"line":9,"column":6},"end":{"line":19,"column":7}},{"start":{"line":9,"column":6},"end":{"line":19,"column":7}}],"line":9},"3":{"loc":{"start":{"line":12,"column":8},"end":{"line":12,"column":77}},"type":"binary-expr","locations":[{"start":{"line":12,"column":8},"end":{"line":12,"column":20}},{"start":{"line":12,"column":24},"end":{"line":12,"column":51}},{"start":{"line":12,"column":55},"end":{"line":12,"column":77}}],"line":12},"4":{"loc":{"start":{"line":14,"column":8},"end":{"line":16,"column":9}},"type":"if","locations":[{"start":{"line":14,"column":8},"end":{"line":16,"column":9}},{"start":{"line":14,"column":8},"end":{"line":16,"column":9}}],"line":14},"5":{"loc":{"start":{"line":14,"column":12},"end":{"line":14,"column":55}},"type":"binary-expr","locations":[{"start":{"line":14,"column":12},"end":{"line":14,"column":24}},{"start":{"line":14,"column":28},"end":{"line":14,"column":55}}],"line":14}},"s":{"0":4,"1":5,"2":5,"3":5,"4":111,"5":83,"6":83,"7":83,"8":83,"9":10,"10":28,"11":5,"12":5,"13":2},"f":{"0":4,"1":5},"b":{"0":[1],"1":[1],"2":[83,28],"3":[83,70,60],"4":[10,73],"5":[83,70]},"_coverageSchema":"43e27e138ebf9cfc5966b082cf9a028302ed4184","hash":"67b114683e1f702ec7093c281135ec4fab4ef03a"}
}
