{"C:\\Users\\ducba\\projects\\kata-pencil-durability\\paper.js": {"path":"C:\\Users\\ducba\\projects\\kata-pencil-durability\\paper.js","statementMap":{"0":{"start":{"line":3,"column":4},"end":{"line":3,"column":24}},"1":{"start":{"line":4,"column":4},"end":{"line":4,"column":37}},"2":{"start":{"line":5,"column":4},"end":{"line":5,"column":37}},"3":{"start":{"line":9,"column":0},"end":{"line":9,"column":23}}},"fnMap":{"0":{"name":"(anonymous_0)","decl":{"start":{"line":2,"column":2},"end":{"line":2,"column":3}},"loc":{"start":{"line":2,"column":25},"end":{"line":6,"column":3}},"line":2}},"branchMap":{"0":{"loc":{"start":{"line":2,"column":14},"end":{"line":2,"column":23}},"type":"default-arg","locations":[{"start":{"line":2,"column":21},"end":{"line":2,"column":23}}],"line":2}},"s":{"0":5,"1":5,"2":5,"3":2},"f":{"0":5},"b":{"0":[3]},"_coverageSchema":"43e27e138ebf9cfc5966b082cf9a028302ed4184","hash":"0b8b01128ddc891534f3a8a54b7c5a59b2499fbd"}
,"C:\\Users\\ducba\\projects\\kata-pencil-durability\\pencil.js": {"path":"C:\\Users\\ducba\\projects\\kata-pencil-durability\\pencil.js","statementMap":{"0":{"start":{"line":3,"column":43},"end":{"line":3,"column":51}},"1":{"start":{"line":4,"column":4},"end":{"line":4,"column":33}},"2":{"start":{"line":5,"column":4},"end":{"line":5,"column":28}},"3":{"start":{"line":6,"column":4},"end":{"line":6,"column":25}},"4":{"start":{"line":7,"column":4},"end":{"line":7,"column":25}},"5":{"start":{"line":11,"column":18},"end":{"line":11,"column":20}},"6":{"start":{"line":12,"column":4},"end":{"line":24,"column":5}},"7":{"start":{"line":12,"column":17},"end":{"line":12,"column":18}},"8":{"start":{"line":13,"column":6},"end":{"line":23,"column":7}},"9":{"start":{"line":14,"column":21},"end":{"line":14,"column":28}},"10":{"start":{"line":15,"column":8},"end":{"line":15,"column":24}},"11":{"start":{"line":16,"column":8},"end":{"line":16,"column":74}},"12":{"start":{"line":18,"column":8},"end":{"line":20,"column":9}},"13":{"start":{"line":19,"column":10},"end":{"line":19,"column":26}},"14":{"start":{"line":22,"column":8},"end":{"line":22,"column":23}},"15":{"start":{"line":25,"column":4},"end":{"line":25,"column":29}},"16":{"start":{"line":26,"column":4},"end":{"line":26,"column":17}},"17":{"start":{"line":30,"column":4},"end":{"line":30,"column":62}},"18":{"start":{"line":30,"column":22},"end":{"line":30,"column":62}},"19":{"start":{"line":32,"column":4},"end":{"line":33,"column":50}},"20":{"start":{"line":33,"column":6},"end":{"line":33,"column":50}},"21":{"start":{"line":35,"column":4},"end":{"line":39,"column":5}},"22":{"start":{"line":36,"column":6},"end":{"line":36,"column":35}},"23":{"start":{"line":37,"column":6},"end":{"line":37,"column":20}},"24":{"start":{"line":38,"column":6},"end":{"line":38,"column":13}},"25":{"start":{"line":45,"column":0},"end":{"line":45,"column":24}}},"fnMap":{"0":{"name":"(anonymous_0)","decl":{"start":{"line":2,"column":2},"end":{"line":2,"column":3}},"loc":{"start":{"line":2,"column":66},"end":{"line":8,"column":3}},"line":2},"1":{"name":"(anonymous_1)","decl":{"start":{"line":10,"column":2},"end":{"line":10,"column":3}},"loc":{"start":{"line":10,"column":39},"end":{"line":27,"column":3}},"line":10},"2":{"name":"(anonymous_2)","decl":{"start":{"line":29,"column":2},"end":{"line":29,"column":3}},"loc":{"start":{"line":29,"column":12},"end":{"line":40,"column":3}},"line":29},"3":{"name":"(anonymous_3)","decl":{"start":{"line":42,"column":2},"end":{"line":42,"column":3}},"loc":{"start":{"line":42,"column":21},"end":{"line":42,"column":23}},"line":42}},"branchMap":{"0":{"loc":{"start":{"line":2,"column":14},"end":{"line":2,"column":64}},"type":"default-arg","locations":[{"start":{"line":2,"column":25},"end":{"line":2,"column":64}}],"line":2},"1":{"loc":{"start":{"line":10,"column":14},"end":{"line":10,"column":37}},"type":"default-arg","locations":[{"start":{"line":10,"column":22},"end":{"line":10,"column":37}}],"line":10},"2":{"loc":{"start":{"line":13,"column":6},"end":{"line":23,"column":7}},"type":"if","locations":[{"start":{"line":13,"column":6},"end":{"line":23,"column":7}},{"start":{"line":13,"column":6},"end":{"line":23,"column":7}}],"line":13},"3":{"loc":{"start":{"line":16,"column":8},"end":{"line":16,"column":73}},"type":"binary-expr","locations":[{"start":{"line":16,"column":8},"end":{"line":16,"column":26}},{"start":{"line":16,"column":30},"end":{"line":16,"column":57}},{"start":{"line":16,"column":61},"end":{"line":16,"column":73}}],"line":16},"4":{"loc":{"start":{"line":18,"column":8},"end":{"line":20,"column":9}},"type":"if","locations":[{"start":{"line":18,"column":8},"end":{"line":20,"column":9}},{"start":{"line":18,"column":8},"end":{"line":20,"column":9}}],"line":18},"5":{"loc":{"start":{"line":18,"column":12},"end":{"line":18,"column":61}},"type":"binary-expr","locations":[{"start":{"line":18,"column":12},"end":{"line":18,"column":30}},{"start":{"line":18,"column":34},"end":{"line":18,"column":61}}],"line":18},"6":{"loc":{"start":{"line":30,"column":4},"end":{"line":30,"column":62}},"type":"if","locations":[{"start":{"line":30,"column":4},"end":{"line":30,"column":62}},{"start":{"line":30,"column":4},"end":{"line":30,"column":62}}],"line":30},"7":{"loc":{"start":{"line":32,"column":4},"end":{"line":33,"column":50}},"type":"if","locations":[{"start":{"line":32,"column":4},"end":{"line":33,"column":50}},{"start":{"line":32,"column":4},"end":{"line":33,"column":50}}],"line":32},"8":{"loc":{"start":{"line":35,"column":4},"end":{"line":39,"column":5}},"type":"if","locations":[{"start":{"line":35,"column":4},"end":{"line":39,"column":5}},{"start":{"line":35,"column":4},"end":{"line":39,"column":5}}],"line":35}},"s":{"0":4,"1":4,"2":4,"3":4,"4":4,"5":11,"6":11,"7":11,"8":138,"9":110,"10":110,"11":110,"12":110,"13":10,"14":28,"15":11,"16":11,"17":3,"18":1,"19":2,"20":1,"21":1,"22":1,"23":1,"24":1,"25":2},"f":{"0":4,"1":11,"2":3,"3":0},"b":{"0":[2],"1":[5],"2":[110,28],"3":[110,70,60],"4":[10,100],"5":[110,70],"6":[1,2],"7":[1,1],"8":[1,0]},"_coverageSchema":"43e27e138ebf9cfc5966b082cf9a028302ed4184","hash":"aa7e1bbd33d78307b8ddb2b1d081f7126a37c594"}
}
