TN:
SF:C:\Users\ducba\projects\kata-pencil-durability\paper.js
FN:2,(anonymous_0)
FNF:1
FNH:1
FNDA:5,(anonymous_0)
DA:3,5
DA:4,5
DA:5,5
DA:9,2
LF:4
LH:4
BRDA:2,0,0,3
BRF:1
BRH:1
end_of_record
TN:
SF:C:\Users\ducba\projects\kata-pencil-durability\pencil.js
FN:2,(anonymous_0)
FN:10,(anonymous_1)
FN:29,(anonymous_2)
FN:42,(anonymous_3)
FNF:4
FNH:3
FNDA:4,(anonymous_0)
FNDA:11,(anonymous_1)
FNDA:3,(anonymous_2)
FNDA:0,(anonymous_3)
DA:3,4
DA:4,4
DA:5,4
DA:6,4
DA:7,4
DA:11,11
DA:12,11
DA:13,138
DA:14,110
DA:15,110
DA:16,110
DA:18,110
DA:19,10
DA:22,28
DA:25,11
DA:26,11
DA:30,3
DA:32,2
DA:33,1
DA:35,1
DA:36,1
DA:37,1
DA:38,1
DA:45,2
LF:24
LH:24
BRDA:2,0,0,2
BRDA:10,1,0,5
BRDA:13,2,0,110
BRDA:13,2,1,28
BRDA:16,3,0,110
BRDA:16,3,1,70
BRDA:16,3,2,60
BRDA:18,4,0,10
BRDA:18,4,1,100
BRDA:18,5,0,110
BRDA:18,5,1,70
BRDA:30,6,0,1
BRDA:30,6,1,2
BRDA:32,7,0,1
BRDA:32,7,1,1
BRDA:35,8,0,1
BRDA:35,8,1,0
BRF:17
BRH:16
end_of_record
