TN:
SF:C:\Users\ducba\projects\kata-pencil-durability\paper.js
FN:2,(anonymous_0)
FNF:1
FNH:1
FNDA:5,(anonymous_0)
DA:3,5
DA:4,5
DA:5,5
DA:9,2
LF:4
LH:4
BRDA:2,0,0,3
BRF:1
BRH:1
end_of_record
TN:
SF:C:\Users\ducba\projects\kata-pencil-durability\pencil.js
FN:2,(anonymous_0)
FN:6,(anonymous_1)
FNF:2
FNH:2
FNDA:4,(anonymous_0)
FNDA:5,(anonymous_1)
DA:3,4
DA:7,5
DA:8,5
DA:9,111
DA:10,83
DA:11,83
DA:12,83
DA:14,83
DA:15,10
DA:18,28
DA:21,5
DA:22,5
DA:26,2
LF:13
LH:13
BRDA:2,0,0,1
BRDA:6,1,0,1
BRDA:9,2,0,83
BRDA:9,2,1,28
BRDA:12,3,0,83
BRDA:12,3,1,70
BRDA:12,3,2,60
BRDA:14,4,0,10
BRDA:14,4,1,73
BRDA:14,5,0,83
BRDA:14,5,1,70
BRF:11
BRH:11
end_of_record
